[ 2019-04-15T23:25:13+08:00 ] ERR: (ThinkException) 无法加载模块:Public
[ 2019-04-15T23:25:14+08:00 ] 0.0.0.0 /ThinkPHP/index.php/Index/newsb
INFO: [ app_begin ] --START--
INFO: Run ReadHtmlCache Behavior [ RunTime:0.000852s ]
INFO: [ app_begin ] --END-- [ RunTime:0.000936s ]
NOTIC: [8192] mysql_connect(): The mysql extension is deprecated and will be removed in the future: use mysqli or PDO instead G:\XAMPP\htdocs\ThinkPHP\ThinkPHP\Lib\Driver\Db\DbMysql.class.php 第 55 行.
SQL: SHOW COLUMNS FROM `equip` [ RunTime:0.001441s ]
NOTIC: [8192] preg_replace(): The /e modifier is deprecated, use preg_replace_callback instead G:\XAMPP\htdocs\ThinkPHP\ThinkPHP\Lib\Core\Db.class.php 第 568 行.
SQL: SELECT * FROM `equip` WHERE ( `starttime` <= 1555341914 ) AND ( `endtime` >= 1555341914 ) ORDER BY starttime desc LIMIT 12   [ RunTime:0.000795s ]
NOTIC: [2] Invalid argument supplied for foreach() G:\XAMPP\htdocs\ThinkPHP\Home\Lib\Action\IndexAction.class.php 第 125 行.

[ 2019-04-15T23:25:15+08:00 ] 0.0.0.0 /ThinkPHP/index.php/Index/newsb
INFO: [ app_begin ] --START--
INFO: Run ReadHtmlCache Behavior [ RunTime:0.000719s ]
INFO: [ app_begin ] --END-- [ RunTime:0.000793s ]
NOTIC: [8192] mysql_connect(): The mysql extension is deprecated and will be removed in the future: use mysqli or PDO instead G:\XAMPP\htdocs\ThinkPHP\ThinkPHP\Lib\Driver\Db\DbMysql.class.php 第 55 行.
SQL: SHOW COLUMNS FROM `equip` [ RunTime:0.001380s ]
NOTIC: [8192] preg_replace(): The /e modifier is deprecated, use preg_replace_callback instead G:\XAMPP\htdocs\ThinkPHP\ThinkPHP\Lib\Core\Db.class.php 第 568 行.
SQL: SELECT * FROM `equip` WHERE ( `starttime` <= 1555341915 ) AND ( `endtime` >= 1555341915 ) ORDER BY starttime desc LIMIT 12   [ RunTime:0.000782s ]
NOTIC: [2] Invalid argument supplied for foreach() G:\XAMPP\htdocs\ThinkPHP\Home\Lib\Action\IndexAction.class.php 第 125 行.

[ 2019-04-15T23:25:16+08:00 ] 0.0.0.0 /ThinkPHP/index.php/Index/newsb
INFO: [ app_begin ] --START--
INFO: Run ReadHtmlCache Behavior [ RunTime:0.000703s ]
INFO: [ app_begin ] --END-- [ RunTime:0.000771s ]
NOTIC: [8192] mysql_connect(): The mysql extension is deprecated and will be removed in the future: use mysqli or PDO instead G:\XAMPP\htdocs\ThinkPHP\ThinkPHP\Lib\Driver\Db\DbMysql.class.php 第 55 行.
SQL: SHOW COLUMNS FROM `equip` [ RunTime:0.001280s ]
NOTIC: [8192] preg_replace(): The /e modifier is deprecated, use preg_replace_callback instead G:\XAMPP\htdocs\ThinkPHP\ThinkPHP\Lib\Core\Db.class.php 第 568 行.
SQL: SELECT * FROM `equip` WHERE ( `starttime` <= 1555341916 ) AND ( `endtime` >= 1555341916 ) ORDER BY starttime desc LIMIT 12   [ RunTime:0.000684s ]
NOTIC: [2] Invalid argument supplied for foreach() G:\XAMPP\htdocs\ThinkPHP\Home\Lib\Action\IndexAction.class.php 第 125 行.

[ 2019-04-15T23:25:17+08:00 ] 0.0.0.0 /ThinkPHP/index.php/Index/newsb
INFO: [ app_begin ] --START--
INFO: Run ReadHtmlCache Behavior [ RunTime:0.000699s ]
INFO: [ app_begin ] --END-- [ RunTime:0.000770s ]
NOTIC: [8192] mysql_connect(): The mysql extension is deprecated and will be removed in the future: use mysqli or PDO instead G:\XAMPP\htdocs\ThinkPHP\ThinkPHP\Lib\Driver\Db\DbMysql.class.php 第 55 行.
SQL: SHOW COLUMNS FROM `equip` [ RunTime:0.001121s ]
NOTIC: [8192] preg_replace(): The /e modifier is deprecated, use preg_replace_callback instead G:\XAMPP\htdocs\ThinkPHP\ThinkPHP\Lib\Core\Db.class.php 第 568 行.
SQL: SELECT * FROM `equip` WHERE ( `starttime` <= 1555341917 ) AND ( `endtime` >= 1555341917 ) ORDER BY starttime desc LIMIT 12   [ RunTime:0.000762s ]
NOTIC: [2] Invalid argument supplied for foreach() G:\XAMPP\htdocs\ThinkPHP\Home\Lib\Action\IndexAction.class.php 第 125 行.

[ 2019-04-15T23:25:18+08:00 ] 0.0.0.0 /ThinkPHP/index.php/Index/newsb
INFO: [ app_begin ] --START--
INFO: Run ReadHtmlCache Behavior [ RunTime:0.001211s ]
INFO: [ app_begin ] --END-- [ RunTime:0.001327s ]
NOTIC: [8192] mysql_connect(): The mysql extension is deprecated and will be removed in the future: use mysqli or PDO instead G:\XAMPP\htdocs\ThinkPHP\ThinkPHP\Lib\Driver\Db\DbMysql.class.php 第 55 行.
SQL: SHOW COLUMNS FROM `equip` [ RunTime:0.001787s ]
NOTIC: [8192] preg_replace(): The /e modifier is deprecated, use preg_replace_callback instead G:\XAMPP\htdocs\ThinkPHP\ThinkPHP\Lib\Core\Db.class.php 第 568 行.
SQL: SELECT * FROM `equip` WHERE ( `starttime` <= 1555341918 ) AND ( `endtime` >= 1555341918 ) ORDER BY starttime desc LIMIT 12   [ RunTime:0.000740s ]
NOTIC: [2] Invalid argument supplied for foreach() G:\XAMPP\htdocs\ThinkPHP\Home\Lib\Action\IndexAction.class.php 第 125 行.

[ 2019-04-15T23:25:20+08:00 ] 0.0.0.0 /ThinkPHP/index.php/Index/newsb
INFO: [ app_begin ] --START--
INFO: Run ReadHtmlCache Behavior [ RunTime:0.000752s ]
INFO: [ app_begin ] --END-- [ RunTime:0.000850s ]
NOTIC: [8192] mysql_connect(): The mysql extension is deprecated and will be removed in the future: use mysqli or PDO instead G:\XAMPP\htdocs\ThinkPHP\ThinkPHP\Lib\Driver\Db\DbMysql.class.php 第 55 行.
SQL: SHOW COLUMNS FROM `equip` [ RunTime:0.001044s ]
NOTIC: [8192] preg_replace(): The /e modifier is deprecated, use preg_replace_callback instead G:\XAMPP\htdocs\ThinkPHP\ThinkPHP\Lib\Core\Db.class.php 第 568 行.
SQL: SELECT * FROM `equip` WHERE ( `starttime` <= 1555341920 ) AND ( `endtime` >= 1555341920 ) ORDER BY starttime desc LIMIT 12   [ RunTime:0.000498s ]
NOTIC: [2] Invalid argument supplied for foreach() G:\XAMPP\htdocs\ThinkPHP\Home\Lib\Action\IndexAction.class.php 第 125 行.

[ 2019-04-15T23:25:20+08:00 ] 0.0.0.0 /ThinkPHP/index.php/Index/newsb
INFO: [ app_begin ] --START--
INFO: Run ReadHtmlCache Behavior [ RunTime:0.000796s ]
INFO: [ app_begin ] --END-- [ RunTime:0.000871s ]
NOTIC: [8192] mysql_connect(): The mysql extension is deprecated and will be removed in the future: use mysqli or PDO instead G:\XAMPP\htdocs\ThinkPHP\ThinkPHP\Lib\Driver\Db\DbMysql.class.php 第 55 行.
SQL: SHOW COLUMNS FROM `equip` [ RunTime:0.000858s ]
NOTIC: [8192] preg_replace(): The /e modifier is deprecated, use preg_replace_callback instead G:\XAMPP\htdocs\ThinkPHP\ThinkPHP\Lib\Core\Db.class.php 第 568 行.
SQL: SELECT * FROM `equip` WHERE ( `starttime` <= 1555341920 ) AND ( `endtime` >= 1555341920 ) ORDER BY starttime desc LIMIT 12   [ RunTime:0.000433s ]
NOTIC: [2] Invalid argument supplied for foreach() G:\XAMPP\htdocs\ThinkPHP\Home\Lib\Action\IndexAction.class.php 第 125 行.

[ 2019-04-15T23:25:21+08:00 ] 0.0.0.0 /ThinkPHP/index.php/Index/newsb
INFO: [ app_begin ] --START--
INFO: Run ReadHtmlCache Behavior [ RunTime:0.000491s ]
INFO: [ app_begin ] --END-- [ RunTime:0.000541s ]
NOTIC: [8192] mysql_connect(): The mysql extension is deprecated and will be removed in the future: use mysqli or PDO instead G:\XAMPP\htdocs\ThinkPHP\ThinkPHP\Lib\Driver\Db\DbMysql.class.php 第 55 行.
SQL: SHOW COLUMNS FROM `equip` [ RunTime:0.001317s ]
NOTIC: [8192] preg_replace(): The /e modifier is deprecated, use preg_replace_callback instead G:\XAMPP\htdocs\ThinkPHP\ThinkPHP\Lib\Core\Db.class.php 第 568 行.
SQL: SELECT * FROM `equip` WHERE ( `starttime` <= 1555341921 ) AND ( `endtime` >= 1555341921 ) ORDER BY starttime desc LIMIT 12   [ RunTime:0.000684s ]
NOTIC: [2] Invalid argument supplied for foreach() G:\XAMPP\htdocs\ThinkPHP\Home\Lib\Action\IndexAction.class.php 第 125 行.

[ 2019-04-15T23:25:22+08:00 ] 0.0.0.0 /ThinkPHP/index.php/Index/newsb
INFO: [ app_begin ] --START--
INFO: Run ReadHtmlCache Behavior [ RunTime:0.000450s ]
INFO: [ app_begin ] --END-- [ RunTime:0.000494s ]
NOTIC: [8192] mysql_connect(): The mysql extension is deprecated and will be removed in the future: use mysqli or PDO instead G:\XAMPP\htdocs\ThinkPHP\ThinkPHP\Lib\Driver\Db\DbMysql.class.php 第 55 行.
SQL: SHOW COLUMNS FROM `equip` [ RunTime:0.000828s ]
NOTIC: [8192] preg_replace(): The /e modifier is deprecated, use preg_replace_callback instead G:\XAMPP\htdocs\ThinkPHP\ThinkPHP\Lib\Core\Db.class.php 第 568 行.
SQL: SELECT * FROM `equip` WHERE ( `starttime` <= 1555341922 ) AND ( `endtime` >= 1555341922 ) ORDER BY starttime desc LIMIT 12   [ RunTime:0.000470s ]
NOTIC: [2] Invalid argument supplied for foreach() G:\XAMPP\htdocs\ThinkPHP\Home\Lib\Action\IndexAction.class.php 第 125 行.

[ 2019-04-15T23:25:23+08:00 ] 0.0.0.0 /ThinkPHP/index.php/Index/newsb
INFO: [ app_begin ] --START--
INFO: Run ReadHtmlCache Behavior [ RunTime:0.000448s ]
INFO: [ app_begin ] --END-- [ RunTime:0.000492s ]
NOTIC: [8192] mysql_connect(): The mysql extension is deprecated and will be removed in the future: use mysqli or PDO instead G:\XAMPP\htdocs\ThinkPHP\ThinkPHP\Lib\Driver\Db\DbMysql.class.php 第 55 行.
SQL: SHOW COLUMNS FROM `equip` [ RunTime:0.000963s ]
NOTIC: [8192] preg_replace(): The /e modifier is deprecated, use preg_replace_callback instead G:\XAMPP\htdocs\ThinkPHP\ThinkPHP\Lib\Core\Db.class.php 第 568 行.
SQL: SELECT * FROM `equip` WHERE ( `starttime` <= 1555341923 ) AND ( `endtime` >= 1555341923 ) ORDER BY starttime desc LIMIT 12   [ RunTime:0.000463s ]
NOTIC: [2] Invalid argument supplied for foreach() G:\XAMPP\htdocs\ThinkPHP\Home\Lib\Action\IndexAction.class.php 第 125 行.

[ 2019-04-15T23:25:24+08:00 ] 0.0.0.0 /ThinkPHP/index.php/Index/newsb
INFO: [ app_begin ] --START--
INFO: Run ReadHtmlCache Behavior [ RunTime:0.000450s ]
INFO: [ app_begin ] --END-- [ RunTime:0.000493s ]
NOTIC: [8192] mysql_connect(): The mysql extension is deprecated and will be removed in the future: use mysqli or PDO instead G:\XAMPP\htdocs\ThinkPHP\ThinkPHP\Lib\Driver\Db\DbMysql.class.php 第 55 行.
SQL: SHOW COLUMNS FROM `equip` [ RunTime:0.000799s ]
NOTIC: [8192] preg_replace(): The /e modifier is deprecated, use preg_replace_callback instead G:\XAMPP\htdocs\ThinkPHP\ThinkPHP\Lib\Core\Db.class.php 第 568 行.
SQL: SELECT * FROM `equip` WHERE ( `starttime` <= 1555341924 ) AND ( `endtime` >= 1555341924 ) ORDER BY starttime desc LIMIT 12   [ RunTime:0.000449s ]
NOTIC: [2] Invalid argument supplied for foreach() G:\XAMPP\htdocs\ThinkPHP\Home\Lib\Action\IndexAction.class.php 第 125 行.

[ 2019-04-15T23:25:25+08:00 ] 0.0.0.0 /ThinkPHP/index.php/Index/newsb
INFO: [ app_begin ] --START--
INFO: Run ReadHtmlCache Behavior [ RunTime:0.000881s ]
INFO: [ app_begin ] --END-- [ RunTime:0.000971s ]
NOTIC: [8192] mysql_connect(): The mysql extension is deprecated and will be removed in the future: use mysqli or PDO instead G:\XAMPP\htdocs\ThinkPHP\ThinkPHP\Lib\Driver\Db\DbMysql.class.php 第 55 行.
SQL: SHOW COLUMNS FROM `equip` [ RunTime:0.001326s ]
NOTIC: [8192] preg_replace(): The /e modifier is deprecated, use preg_replace_callback instead G:\XAMPP\htdocs\ThinkPHP\ThinkPHP\Lib\Core\Db.class.php 第 568 行.
SQL: SELECT * FROM `equip` WHERE ( `starttime` <= 1555341925 ) AND ( `endtime` >= 1555341925 ) ORDER BY starttime desc LIMIT 12   [ RunTime:0.000914s ]
NOTIC: [2] Invalid argument supplied for foreach() G:\XAMPP\htdocs\ThinkPHP\Home\Lib\Action\IndexAction.class.php 第 125 行.

[ 2019-04-15T23:25:26+08:00 ] 0.0.0.0 /ThinkPHP/index.php/Index/newsb
INFO: [ app_begin ] --START--
INFO: Run ReadHtmlCache Behavior [ RunTime:0.000770s ]
INFO: [ app_begin ] --END-- [ RunTime:0.000854s ]
NOTIC: [8192] mysql_connect(): The mysql extension is deprecated and will be removed in the future: use mysqli or PDO instead G:\XAMPP\htdocs\ThinkPHP\ThinkPHP\Lib\Driver\Db\DbMysql.class.php 第 55 行.
SQL: SHOW COLUMNS FROM `equip` [ RunTime:0.001018s ]
NOTIC: [8192] preg_replace(): The /e modifier is deprecated, use preg_replace_callback instead G:\XAMPP\htdocs\ThinkPHP\ThinkPHP\Lib\Core\Db.class.php 第 568 行.
SQL: SELECT * FROM `equip` WHERE ( `starttime` <= 1555341926 ) AND ( `endtime` >= 1555341926 ) ORDER BY starttime desc LIMIT 12   [ RunTime:0.000518s ]
NOTIC: [2] Invalid argument supplied for foreach() G:\XAMPP\htdocs\ThinkPHP\Home\Lib\Action\IndexAction.class.php 第 125 行.

[ 2019-04-15T23:25:27+08:00 ] 0.0.0.0 /ThinkPHP/index.php/Index/newsb
INFO: [ app_begin ] --START--
INFO: Run ReadHtmlCache Behavior [ RunTime:0.000452s ]
INFO: [ app_begin ] --END-- [ RunTime:0.000500s ]
NOTIC: [8192] mysql_connect(): The mysql extension is deprecated and will be removed in the future: use mysqli or PDO instead G:\XAMPP\htdocs\ThinkPHP\ThinkPHP\Lib\Driver\Db\DbMysql.class.php 第 55 行.
SQL: SHOW COLUMNS FROM `equip` [ RunTime:0.001010s ]
NOTIC: [8192] preg_replace(): The /e modifier is deprecated, use preg_replace_callback instead G:\XAMPP\htdocs\ThinkPHP\ThinkPHP\Lib\Core\Db.class.php 第 568 行.
SQL: SELECT * FROM `equip` WHERE ( `starttime` <= 1555341927 ) AND ( `endtime` >= 1555341927 ) ORDER BY starttime desc LIMIT 12   [ RunTime:0.000456s ]
NOTIC: [2] Invalid argument supplied for foreach() G:\XAMPP\htdocs\ThinkPHP\Home\Lib\Action\IndexAction.class.php 第 125 行.

[ 2019-04-15T23:25:28+08:00 ] 0.0.0.0 /ThinkPHP/index.php/Index/newsb
INFO: [ app_begin ] --START--
INFO: Run ReadHtmlCache Behavior [ RunTime:0.000826s ]
INFO: [ app_begin ] --END-- [ RunTime:0.000905s ]
NOTIC: [8192] mysql_connect(): The mysql extension is deprecated and will be removed in the future: use mysqli or PDO instead G:\XAMPP\htdocs\ThinkPHP\ThinkPHP\Lib\Driver\Db\DbMysql.class.php 第 55 行.
SQL: SHOW COLUMNS FROM `equip` [ RunTime:0.001230s ]
NOTIC: [8192] preg_replace(): The /e modifier is deprecated, use preg_replace_callback instead G:\XAMPP\htdocs\ThinkPHP\ThinkPHP\Lib\Core\Db.class.php 第 568 行.
SQL: SELECT * FROM `equip` WHERE ( `starttime` <= 1555341928 ) AND ( `endtime` >= 1555341928 ) ORDER BY starttime desc LIMIT 12   [ RunTime:0.000591s ]
NOTIC: [2] Invalid argument supplied for foreach() G:\XAMPP\htdocs\ThinkPHP\Home\Lib\Action\IndexAction.class.php 第 125 行.

[ 2019-04-15T23:25:29+08:00 ] 0.0.0.0 /ThinkPHP/index.php/Index/newsb
INFO: [ app_begin ] --START--
INFO: Run ReadHtmlCache Behavior [ RunTime:0.000500s ]
INFO: [ app_begin ] --END-- [ RunTime:0.000551s ]
NOTIC: [8192] mysql_connect(): The mysql extension is deprecated and will be removed in the future: use mysqli or PDO instead G:\XAMPP\htdocs\ThinkPHP\ThinkPHP\Lib\Driver\Db\DbMysql.class.php 第 55 行.
SQL: SHOW COLUMNS FROM `equip` [ RunTime:0.001138s ]
NOTIC: [8192] preg_replace(): The /e modifier is deprecated, use preg_replace_callback instead G:\XAMPP\htdocs\ThinkPHP\ThinkPHP\Lib\Core\Db.class.php 第 568 行.
SQL: SELECT * FROM `equip` WHERE ( `starttime` <= 1555341929 ) AND ( `endtime` >= 1555341929 ) ORDER BY starttime desc LIMIT 12   [ RunTime:0.000509s ]
NOTIC: [2] Invalid argument supplied for foreach() G:\XAMPP\htdocs\ThinkPHP\Home\Lib\Action\IndexAction.class.php 第 125 行.

[ 2019-04-15T23:25:30+08:00 ] 0.0.0.0 /ThinkPHP/index.php/Index/newsb
INFO: [ app_begin ] --START--
INFO: Run ReadHtmlCache Behavior [ RunTime:0.000431s ]
INFO: [ app_begin ] --END-- [ RunTime:0.000473s ]
NOTIC: [8192] mysql_connect(): The mysql extension is deprecated and will be removed in the future: use mysqli or PDO instead G:\XAMPP\htdocs\ThinkPHP\ThinkPHP\Lib\Driver\Db\DbMysql.class.php 第 55 行.
SQL: SHOW COLUMNS FROM `equip` [ RunTime:0.000957s ]
NOTIC: [8192] preg_replace(): The /e modifier is deprecated, use preg_replace_callback instead G:\XAMPP\htdocs\ThinkPHP\ThinkPHP\Lib\Core\Db.class.php 第 568 行.
SQL: SELECT * FROM `equip` WHERE ( `starttime` <= 1555341930 ) AND ( `endtime` >= 1555341930 ) ORDER BY starttime desc LIMIT 12   [ RunTime:0.000492s ]
NOTIC: [2] Invalid argument supplied for foreach() G:\XAMPP\htdocs\ThinkPHP\Home\Lib\Action\IndexAction.class.php 第 125 行.

[ 2019-04-15T23:26:25+08:00 ] ERR: (ThinkException) 无法加载模块:Admin
[ 2019-04-15T23:27:22+08:00 ] ERR: (ThinkException) 无法加载模块:Admin
[ 2019-04-15T23:27:43+08:00 ] ERR: (ThinkException) 无法加载模块:Admin
[ 2019-04-15T23:29:32+08:00 ] ERR: (ThinkException) 无法加载模块:Admin
[ 2019-04-15T23:29:52+08:00 ] ERR: (ThinkException) 无法加载模块:Public
[ 2019-04-15T23:29:53+08:00 ] 0.0.0.0 /ThinkPHP/index.php/Index/newsb
INFO: [ app_begin ] --START--
INFO: Run ReadHtmlCache Behavior [ RunTime:0.000464s ]
INFO: [ app_begin ] --END-- [ RunTime:0.000508s ]
NOTIC: [8192] mysql_connect(): The mysql extension is deprecated and will be removed in the future: use mysqli or PDO instead G:\XAMPP\htdocs\ThinkPHP\ThinkPHP\Lib\Driver\Db\DbMysql.class.php 第 55 行.
SQL: SHOW COLUMNS FROM `equip` [ RunTime:0.000678s ]
NOTIC: [8192] preg_replace(): The /e modifier is deprecated, use preg_replace_callback instead G:\XAMPP\htdocs\ThinkPHP\ThinkPHP\Lib\Core\Db.class.php 第 568 行.
SQL: SELECT * FROM `equip` WHERE ( `starttime` <= 1555342193 ) AND ( `endtime` >= 1555342193 ) ORDER BY starttime desc LIMIT 12   [ RunTime:0.000429s ]
NOTIC: [2] Invalid argument supplied for foreach() G:\XAMPP\htdocs\ThinkPHP\Home\Lib\Action\IndexAction.class.php 第 125 行.

[ 2019-04-15T23:29:54+08:00 ] 0.0.0.0 /ThinkPHP/index.php/Index/newsb
INFO: [ app_begin ] --START--
INFO: Run ReadHtmlCache Behavior [ RunTime:0.000505s ]
INFO: [ app_begin ] --END-- [ RunTime:0.000564s ]
NOTIC: [8192] mysql_connect(): The mysql extension is deprecated and will be removed in the future: use mysqli or PDO instead G:\XAMPP\htdocs\ThinkPHP\ThinkPHP\Lib\Driver\Db\DbMysql.class.php 第 55 行.
SQL: SHOW COLUMNS FROM `equip` [ RunTime:0.000722s ]
NOTIC: [8192] preg_replace(): The /e modifier is deprecated, use preg_replace_callback instead G:\XAMPP\htdocs\ThinkPHP\ThinkPHP\Lib\Core\Db.class.php 第 568 行.
SQL: SELECT * FROM `equip` WHERE ( `starttime` <= 1555342194 ) AND ( `endtime` >= 1555342194 ) ORDER BY starttime desc LIMIT 12   [ RunTime:0.000443s ]
NOTIC: [2] Invalid argument supplied for foreach() G:\XAMPP\htdocs\ThinkPHP\Home\Lib\Action\IndexAction.class.php 第 125 行.

[ 2019-04-15T23:29:55+08:00 ] 0.0.0.0 /ThinkPHP/index.php/Index/newsb
INFO: [ app_begin ] --START--
INFO: Run ReadHtmlCache Behavior [ RunTime:0.000468s ]
INFO: [ app_begin ] --END-- [ RunTime:0.000515s ]
NOTIC: [8192] mysql_connect(): The mysql extension is deprecated and will be removed in the future: use mysqli or PDO instead G:\XAMPP\htdocs\ThinkPHP\ThinkPHP\Lib\Driver\Db\DbMysql.class.php 第 55 行.
SQL: SHOW COLUMNS FROM `equip` [ RunTime:0.000700s ]
NOTIC: [8192] preg_replace(): The /e modifier is deprecated, use preg_replace_callback instead G:\XAMPP\htdocs\ThinkPHP\ThinkPHP\Lib\Core\Db.class.php 第 568 行.
SQL: SELECT * FROM `equip` WHERE ( `starttime` <= 1555342195 ) AND ( `endtime` >= 1555342195 ) ORDER BY starttime desc LIMIT 12   [ RunTime:0.000430s ]
NOTIC: [2] Invalid argument supplied for foreach() G:\XAMPP\htdocs\ThinkPHP\Home\Lib\Action\IndexAction.class.php 第 125 行.

[ 2019-04-15T23:29:56+08:00 ] 0.0.0.0 /ThinkPHP/index.php/Index/newsb
INFO: [ app_begin ] --START--
INFO: Run ReadHtmlCache Behavior [ RunTime:0.000633s ]
INFO: [ app_begin ] --END-- [ RunTime:0.000723s ]
NOTIC: [8192] mysql_connect(): The mysql extension is deprecated and will be removed in the future: use mysqli or PDO instead G:\XAMPP\htdocs\ThinkPHP\ThinkPHP\Lib\Driver\Db\DbMysql.class.php 第 55 行.
SQL: SHOW COLUMNS FROM `equip` [ RunTime:0.001239s ]
NOTIC: [8192] preg_replace(): The /e modifier is deprecated, use preg_replace_callback instead G:\XAMPP\htdocs\ThinkPHP\ThinkPHP\Lib\Core\Db.class.php 第 568 行.
SQL: SELECT * FROM `equip` WHERE ( `starttime` <= 1555342196 ) AND ( `endtime` >= 1555342196 ) ORDER BY starttime desc LIMIT 12   [ RunTime:0.001206s ]
NOTIC: [2] Invalid argument supplied for foreach() G:\XAMPP\htdocs\ThinkPHP\Home\Lib\Action\IndexAction.class.php 第 125 行.

[ 2019-04-15T23:30:01+08:00 ] ERR: (ThinkException) 无法加载模块:login
[ 2019-04-15T23:30:24+08:00 ] ERR: (ThinkException) 无法加载模块:Public
[ 2019-04-15T23:30:24+08:00 ] ERR: (ThinkException) 无法加载模块:Public
[ 2019-04-15T23:30:25+08:00 ] ERR: (ThinkException) 无法加载模块:Public
[ 2019-04-15T23:30:25+08:00 ] ERR: (ThinkException) 无法加载模块:Public
[ 2019-04-15T23:31:12+08:00 ] ERR: (ThinkException) 无法加载模块:Public
[ 2019-04-15T23:31:12+08:00 ] ERR: (ThinkException) 无法加载模块:Public
[ 2019-04-15T23:31:12+08:00 ] ERR: (ThinkException) 无法加载模块:Public
[ 2019-04-15T23:31:12+08:00 ] ERR: (ThinkException) 无法加载模块:Public
[ 2019-04-15T23:37:13+08:00 ] ERR: (ThinkException) 无法加载模块:Public
[ 2019-04-15T23:37:14+08:00 ] 0.0.0.0 /ThinkPHP/index.php/Index/newsb
INFO: [ app_begin ] --START--
INFO: Run ReadHtmlCache Behavior [ RunTime:0.000501s ]
INFO: [ app_begin ] --END-- [ RunTime:0.000554s ]
NOTIC: [8192] mysql_connect(): The mysql extension is deprecated and will be removed in the future: use mysqli or PDO instead G:\XAMPP\htdocs\ThinkPHP\ThinkPHP\Lib\Driver\Db\DbMysql.class.php 第 55 行.
SQL: SHOW COLUMNS FROM `equip` [ RunTime:0.001600s ]
NOTIC: [8192] preg_replace(): The /e modifier is deprecated, use preg_replace_callback instead G:\XAMPP\htdocs\ThinkPHP\ThinkPHP\Lib\Core\Db.class.php 第 568 行.
SQL: SELECT * FROM `equip` WHERE ( `starttime` <= 1555342634 ) AND ( `endtime` >= 1555342634 ) ORDER BY starttime desc LIMIT 12   [ RunTime:0.001089s ]
NOTIC: [2] Invalid argument supplied for foreach() G:\XAMPP\htdocs\ThinkPHP\Home\Lib\Action\IndexAction.class.php 第 125 行.

[ 2019-04-15T23:37:14+08:00 ] ERR: (ThinkException) 无法加载模块:s17.cnzz.com
[ 2019-04-15T23:37:24+08:00 ] ERR: (ThinkException) 无法加载模块:s17.cnzz.com
[ 2019-04-15T23:37:24+08:00 ] ERR: (ThinkException) 无法加载模块:Public
[ 2019-04-15T23:37:25+08:00 ] 0.0.0.0 /ThinkPHP/index.php/Index/newsb
INFO: [ app_begin ] --START--
INFO: Run ReadHtmlCache Behavior [ RunTime:0.000447s ]
INFO: [ app_begin ] --END-- [ RunTime:0.000491s ]
NOTIC: [8192] mysql_connect(): The mysql extension is deprecated and will be removed in the future: use mysqli or PDO instead G:\XAMPP\htdocs\ThinkPHP\ThinkPHP\Lib\Driver\Db\DbMysql.class.php 第 55 行.
SQL: SHOW COLUMNS FROM `equip` [ RunTime:0.000811s ]
NOTIC: [8192] preg_replace(): The /e modifier is deprecated, use preg_replace_callback instead G:\XAMPP\htdocs\ThinkPHP\ThinkPHP\Lib\Core\Db.class.php 第 568 行.
SQL: SELECT * FROM `equip` WHERE ( `starttime` <= 1555342645 ) AND ( `endtime` >= 1555342645 ) ORDER BY starttime desc LIMIT 12   [ RunTime:0.000702s ]
NOTIC: [2] Invalid argument supplied for foreach() G:\XAMPP\htdocs\ThinkPHP\Home\Lib\Action\IndexAction.class.php 第 125 行.

[ 2019-04-15T23:37:26+08:00 ] ERR: (ThinkException) 无法加载模块:s17.cnzz.com
[ 2019-04-15T23:37:29+08:00 ] ERR: (ThinkException) 无法加载模块:s17.cnzz.com
[ 2019-04-15T23:37:34+08:00 ] ERR: (ThinkException) 无法加载模块:s17.cnzz.com
[ 2019-04-15T23:39:45+08:00 ] ERR: (ThinkException) 无法加载模块:s17.cnzz.com
[ 2019-04-15T23:39:45+08:00 ] ERR: (ThinkException) 无法加载模块:Public
[ 2019-04-15T23:39:46+08:00 ] ERR: (ThinkException) 无法加载模块:s17.cnzz.com
[ 2019-04-15T23:39:50+08:00 ] ERR: (ThinkException) 无法加载模块:s17.cnzz.com
[ 2019-04-15T23:39:50+08:00 ] ERR: (ThinkException) 无法加载模块:Public
[ 2019-04-15T23:39:51+08:00 ] 0.0.0.0 /ThinkPHP/index.php/Index/newsb
INFO: [ app_begin ] --START--
INFO: Run ReadHtmlCache Behavior [ RunTime:0.001111s ]
INFO: [ app_begin ] --END-- [ RunTime:0.001265s ]
NOTIC: [8192] mysql_connect(): The mysql extension is deprecated and will be removed in the future: use mysqli or PDO instead G:\XAMPP\htdocs\ThinkPHP\ThinkPHP\Lib\Driver\Db\DbMysql.class.php 第 55 行.
SQL: SHOW COLUMNS FROM `equip` [ RunTime:0.001207s ]
NOTIC: [8192] preg_replace(): The /e modifier is deprecated, use preg_replace_callback instead G:\XAMPP\htdocs\ThinkPHP\ThinkPHP\Lib\Core\Db.class.php 第 568 行.
SQL: SELECT * FROM `equip` WHERE ( `starttime` <= 1555342791 ) AND ( `endtime` >= 1555342791 ) ORDER BY starttime desc LIMIT 12   [ RunTime:0.000623s ]
NOTIC: [2] Invalid argument supplied for foreach() G:\XAMPP\htdocs\ThinkPHP\Home\Lib\Action\IndexAction.class.php 第 125 行.

[ 2019-04-15T23:39:52+08:00 ] ERR: (ThinkException) 无法加载模块:s17.cnzz.com
[ 2019-04-15T23:39:55+08:00 ] ERR: (ThinkException) 无法加载模块:s17.cnzz.com
[ 2019-04-15T23:40:08+08:00 ] ERR: (ThinkException) 无法加载模块:s17.cnzz.com
